**--------------------------------------------------------------------------------------------------------------------------------------------------------------------------------------------------------**
<TRAINING-TEST PAIR 0>
<TRAINING SET TIME RANGE> 2012-01-01 - 2012-04-30
<TEST SET TIME RANGE> 2012-06-30 - 2012-10-28


##----------------------------------------------------------------------------------------------------------------------------------------------------------------##
<BATCH 0; Pipeline Setup>
Config: 5-Fold Cross-Validation;
Do NOT Ask User for Model and Metrics;
Level of Verbosity: 0; 
Do NOT Include Plots for Evaluations
	Finished reading processed data.
	5-fold cross-validation generator set up with random seed '123'.
##----------------------------------------------------------------------------------------------------------------------------------------------------------------##


##----------------------------------------------------------------------------------------------------------------------------------------------------------------##
<BATCH 0; Model Configured. Extra Tree.>


#----------------------------------------------------------------------------------------------------------------------------------#
<BATCH 0; Metrics Configured. Accuracy.>


<BATCH 0> Start to set benchmark for the metrics Accuracy.
	 Accuracy of the benchmark default Decision Tree model is 0.629.


<BATCH 0 - Extra Tree to be optimized on Accuracy> Search Starts (256 hyperparameter sets):
<BATCH 0 - Extra Tree to be optimized on Accuracy> Search Finished. The highest cross-validation accuracy is 0.7235. There are 1 best sets.

#----------------------------------------------------------------------------------------------------------------------------------#



#----------------------------------------------------------------------------------------------------------------------------------#
<BATCH 0; Metrics Configured. Precision.>


<BATCH 0> Start to set benchmark for the metrics Precision.
	 Precision of the benchmark default Decision Tree model is 0.302.


<BATCH 0 - Extra Tree to be optimized on Precision> Search Starts (256 hyperparameter sets):
<BATCH 0 - Extra Tree to be optimized on Precision> Search Finished. The highest cross-validation precision is 1.0000. There are 14 best sets.

#----------------------------------------------------------------------------------------------------------------------------------#



#----------------------------------------------------------------------------------------------------------------------------------#
<BATCH 0; Metrics Configured. Recall.>


<BATCH 0> Start to set benchmark for the metrics Recall.
	 Recall of the benchmark default Decision Tree model is 0.376.


<BATCH 0 - Extra Tree to be optimized on Recall> Search Starts (256 hyperparameter sets):
<BATCH 0 - Extra Tree to be optimized on Recall> Search Finished. The highest cross-validation recall is 1.0000. There are 61 best sets.

#----------------------------------------------------------------------------------------------------------------------------------#



#----------------------------------------------------------------------------------------------------------------------------------#
<BATCH 0; Metrics Configured. F1.>


<BATCH 0> Start to set benchmark for the metrics F1.
	 F1 of the benchmark default Decision Tree model is 0.335.


<BATCH 0 - Extra Tree to be optimized on F1> Search Starts (256 hyperparameter sets):
<BATCH 0 - Extra Tree to be optimized on F1> Search Finished. The highest cross-validation f1 is 0.5577. There are 1 best sets.

#----------------------------------------------------------------------------------------------------------------------------------#



#----------------------------------------------------------------------------------------------------------------------------------#
<BATCH 0; Metrics Configured. Roc_Auc.>


<BATCH 0> Start to set benchmark for the metrics Roc_Auc.
	 Roc_Auc of the benchmark default Decision Tree model is 0.544.


<BATCH 0 - Extra Tree to be optimized on Roc_Auc> Search Starts (256 hyperparameter sets):
<BATCH 0 - Extra Tree to be optimized on Roc_Auc> Search Finished. The highest cross-validation roc_auc is 0.6641. There are 1 best sets.

#----------------------------------------------------------------------------------------------------------------------------------#



#----------------------------------------------------------------------------------------------------------------------------------#
<BATCH 0; Metrics Configured. Precision At 1%.>


<BATCH 0> Start to set benchmark for the metrics Precision At 1%.
	 Precision At 1% of the benchmark default Decision Tree model is 0.303.


<BATCH 0 - Extra Tree to be optimized on Precision At 1%> Search Starts (256 hyperparameter sets):
<BATCH 0 - Extra Tree to be optimized on Precision At 1%> Search Finished. The highest cross-validation Precision at 1% is 0.8265. There are 1 best sets.

#----------------------------------------------------------------------------------------------------------------------------------#



#----------------------------------------------------------------------------------------------------------------------------------#
<BATCH 0; Metrics Configured. Precision At 2%.>


<BATCH 0> Start to set benchmark for the metrics Precision At 2%.
	 Precision At 2% of the benchmark default Decision Tree model is 0.303.


<BATCH 0 - Extra Tree to be optimized on Precision At 2%> Search Starts (256 hyperparameter sets):
<BATCH 0 - Extra Tree to be optimized on Precision At 2%> Search Finished. The highest cross-validation Precision at 2% is 0.7969. There are 2 best sets.

#----------------------------------------------------------------------------------------------------------------------------------#



#----------------------------------------------------------------------------------------------------------------------------------#
<BATCH 0; Metrics Configured. Precision At 5%.>


<BATCH 0> Start to set benchmark for the metrics Precision At 5%.
	 Precision At 5% of the benchmark default Decision Tree model is 0.303.


<BATCH 0 - Extra Tree to be optimized on Precision At 5%> Search Starts (256 hyperparameter sets):
<BATCH 0 - Extra Tree to be optimized on Precision At 5%> Search Finished. The highest cross-validation Precision at 5% is 0.7636. There are 1 best sets.

#----------------------------------------------------------------------------------------------------------------------------------#



#----------------------------------------------------------------------------------------------------------------------------------#
<BATCH 0; Metrics Configured. Precision At 10%.>


<BATCH 0> Start to set benchmark for the metrics Precision At 10%.
	 Precision At 10% of the benchmark default Decision Tree model is 0.303.


<BATCH 0 - Extra Tree to be optimized on Precision At 10%> Search Starts (256 hyperparameter sets):
<BATCH 0 - Extra Tree to be optimized on Precision At 10%> Search Finished. The highest cross-validation Precision at 10% is 0.6697. There are 1 best sets.

#----------------------------------------------------------------------------------------------------------------------------------#



#----------------------------------------------------------------------------------------------------------------------------------#
<BATCH 0; Metrics Configured. Precision At 20%.>


<BATCH 0> Start to set benchmark for the metrics Precision At 20%.
	 Precision At 20% of the benchmark default Decision Tree model is 0.303.


<BATCH 0 - Extra Tree to be optimized on Precision At 20%> Search Starts (256 hyperparameter sets):
<BATCH 0 - Extra Tree to be optimized on Precision At 20%> Search Finished. The highest cross-validation Precision at 20% is 0.5790. There are 1 best sets.

#----------------------------------------------------------------------------------------------------------------------------------#



#----------------------------------------------------------------------------------------------------------------------------------#
<BATCH 0; Metrics Configured. Precision At 30%.>


<BATCH 0> Start to set benchmark for the metrics Precision At 30%.
	 Precision At 30% of the benchmark default Decision Tree model is 0.303.


<BATCH 0 - Extra Tree to be optimized on Precision At 30%> Search Starts (256 hyperparameter sets):
<BATCH 0 - Extra Tree to be optimized on Precision At 30%> Search Finished. The highest cross-validation Precision at 30% is 0.5013. There are 1 best sets.

#----------------------------------------------------------------------------------------------------------------------------------#



#----------------------------------------------------------------------------------------------------------------------------------#
<BATCH 0; Metrics Configured. Precision At 50%.>


<BATCH 0> Start to set benchmark for the metrics Precision At 50%.
	 Precision At 50% of the benchmark default Decision Tree model is 0.249.


<BATCH 0 - Extra Tree to be optimized on Precision At 50%> Search Starts (256 hyperparameter sets):
<BATCH 0 - Extra Tree to be optimized on Precision At 50%> Search Finished. The highest cross-validation Precision at 50% is 0.4478. There are 1 best sets.

#----------------------------------------------------------------------------------------------------------------------------------#

**--------------------------------------------------------------------------------------------------------------------------------------------------------------------------------------------------------**
**--------------------------------------------------------------------------------------------------------------------------------------------------------------------------------------------------------**
<TRAINING-TEST PAIR 2>
<TRAINING SET TIME RANGE> 2012-01-01 - 2012-12-28
<TEST SET TIME RANGE> 2013-02-27 - 2013-06-27


##----------------------------------------------------------------------------------------------------------------------------------------------------------------##
<BATCH 1; Pipeline Setup>
Config: 5-Fold Cross-Validation;
Do NOT Ask User for Model and Metrics;
Level of Verbosity: 0; 
Do NOT Include Plots for Evaluations
	Finished reading processed data.
	5-fold cross-validation generator set up with random seed '123'.
##----------------------------------------------------------------------------------------------------------------------------------------------------------------##


##----------------------------------------------------------------------------------------------------------------------------------------------------------------##
<BATCH 1; Model Configured. Extra Tree.>


#----------------------------------------------------------------------------------------------------------------------------------#
<BATCH 1; Metrics Configured. Accuracy.>


<BATCH 1> Start to set benchmark for the metrics Accuracy.
	 Accuracy of the benchmark default Decision Tree model is 0.590.


<BATCH 1 - Extra Tree to be optimized on Accuracy> Search Starts (288 hyperparameter sets):
<BATCH 1 - Extra Tree to be optimized on Accuracy> Search Finished. The highest cross-validation accuracy is 0.7333. There are 1 best sets.

#----------------------------------------------------------------------------------------------------------------------------------#



#----------------------------------------------------------------------------------------------------------------------------------#
<BATCH 1; Metrics Configured. Precision.>


<BATCH 1> Start to set benchmark for the metrics Precision.
	 Precision of the benchmark default Decision Tree model is 0.373.


<BATCH 1 - Extra Tree to be optimized on Precision> Search Starts (288 hyperparameter sets):
<BATCH 1 - Extra Tree to be optimized on Precision> Search Finished. The highest cross-validation precision is 1.0000. There are 4 best sets.

#----------------------------------------------------------------------------------------------------------------------------------#



#----------------------------------------------------------------------------------------------------------------------------------#
<BATCH 1; Metrics Configured. Recall.>


<BATCH 1> Start to set benchmark for the metrics Recall.
	 Recall of the benchmark default Decision Tree model is 0.380.


<BATCH 1 - Extra Tree to be optimized on Recall> Search Starts (288 hyperparameter sets):
<BATCH 1 - Extra Tree to be optimized on Recall> Search Finished. The highest cross-validation recall is 1.0000. There are 49 best sets.

#----------------------------------------------------------------------------------------------------------------------------------#



#----------------------------------------------------------------------------------------------------------------------------------#
<BATCH 1; Metrics Configured. F1.>


<BATCH 1> Start to set benchmark for the metrics F1.
	 F1 of the benchmark default Decision Tree model is 0.377.


<BATCH 1 - Extra Tree to be optimized on F1> Search Starts (288 hyperparameter sets):
<BATCH 1 - Extra Tree to be optimized on F1> Search Finished. The highest cross-validation f1 is 0.5029. There are 1 best sets.

#----------------------------------------------------------------------------------------------------------------------------------#



#----------------------------------------------------------------------------------------------------------------------------------#
<BATCH 1; Metrics Configured. Roc_Auc.>


<BATCH 1> Start to set benchmark for the metrics Roc_Auc.
	 Roc_Auc of the benchmark default Decision Tree model is 0.536.


<BATCH 1 - Extra Tree to be optimized on Roc_Auc> Search Starts (288 hyperparameter sets):
<BATCH 1 - Extra Tree to be optimized on Roc_Auc> Search Finished. The highest cross-validation roc_auc is 0.6448. There are 1 best sets.

#----------------------------------------------------------------------------------------------------------------------------------#



#----------------------------------------------------------------------------------------------------------------------------------#
<BATCH 1; Metrics Configured. Precision At 1%.>


<BATCH 1> Start to set benchmark for the metrics Precision At 1%.
	 Precision At 1% of the benchmark default Decision Tree model is 0.375.


<BATCH 1 - Extra Tree to be optimized on Precision At 1%> Search Starts (288 hyperparameter sets):
<BATCH 1 - Extra Tree to be optimized on Precision At 1%> Search Finished. The highest cross-validation Precision at 1% is 0.7785. There are 1 best sets.

#----------------------------------------------------------------------------------------------------------------------------------#



#----------------------------------------------------------------------------------------------------------------------------------#
<BATCH 1; Metrics Configured. Precision At 2%.>


<BATCH 1> Start to set benchmark for the metrics Precision At 2%.
	 Precision At 2% of the benchmark default Decision Tree model is 0.375.


<BATCH 1 - Extra Tree to be optimized on Precision At 2%> Search Starts (288 hyperparameter sets):
<BATCH 1 - Extra Tree to be optimized on Precision At 2%> Search Finished. The highest cross-validation Precision at 2% is 0.7487. There are 1 best sets.

#----------------------------------------------------------------------------------------------------------------------------------#



#----------------------------------------------------------------------------------------------------------------------------------#
<BATCH 1; Metrics Configured. Precision At 5%.>


<BATCH 1> Start to set benchmark for the metrics Precision At 5%.
	 Precision At 5% of the benchmark default Decision Tree model is 0.375.


<BATCH 1 - Extra Tree to be optimized on Precision At 5%> Search Starts (288 hyperparameter sets):
<BATCH 1 - Extra Tree to be optimized on Precision At 5%> Search Finished. The highest cross-validation Precision at 5% is 0.6334. There are 1 best sets.

#----------------------------------------------------------------------------------------------------------------------------------#



#----------------------------------------------------------------------------------------------------------------------------------#
<BATCH 1; Metrics Configured. Precision At 10%.>


<BATCH 1> Start to set benchmark for the metrics Precision At 10%.
	 Precision At 10% of the benchmark default Decision Tree model is 0.375.


<BATCH 1 - Extra Tree to be optimized on Precision At 10%> Search Starts (288 hyperparameter sets):
<BATCH 1 - Extra Tree to be optimized on Precision At 10%> Search Finished. The highest cross-validation Precision at 10% is 0.5620. There are 1 best sets.

#----------------------------------------------------------------------------------------------------------------------------------#



#----------------------------------------------------------------------------------------------------------------------------------#
<BATCH 1; Metrics Configured. Precision At 20%.>


<BATCH 1> Start to set benchmark for the metrics Precision At 20%.
	 Precision At 20% of the benchmark default Decision Tree model is 0.375.


<BATCH 1 - Extra Tree to be optimized on Precision At 20%> Search Starts (288 hyperparameter sets):
<BATCH 1 - Extra Tree to be optimized on Precision At 20%> Search Finished. The highest cross-validation Precision at 20% is 0.4791. There are 1 best sets.

#----------------------------------------------------------------------------------------------------------------------------------#



#----------------------------------------------------------------------------------------------------------------------------------#
<BATCH 1; Metrics Configured. Precision At 30%.>


<BATCH 1> Start to set benchmark for the metrics Precision At 30%.
	 Precision At 30% of the benchmark default Decision Tree model is 0.375.


<BATCH 1 - Extra Tree to be optimized on Precision At 30%> Search Starts (288 hyperparameter sets):
<BATCH 1 - Extra Tree to be optimized on Precision At 30%> Search Finished. The highest cross-validation Precision at 30% is 0.4263. There are 1 best sets.

#----------------------------------------------------------------------------------------------------------------------------------#



#----------------------------------------------------------------------------------------------------------------------------------#
<BATCH 1; Metrics Configured. Precision At 50%.>


<BATCH 1> Start to set benchmark for the metrics Precision At 50%.
	 Precision At 50% of the benchmark default Decision Tree model is 0.326.


<BATCH 1 - Extra Tree to be optimized on Precision At 50%> Search Starts (288 hyperparameter sets):
<BATCH 1 - Extra Tree to be optimized on Precision At 50%> Search Finished. The highest cross-validation Precision at 50% is 0.3484. There are 1 best sets.

#----------------------------------------------------------------------------------------------------------------------------------#

**--------------------------------------------------------------------------------------------------------------------------------------------------------------------------------------------------------**
**--------------------------------------------------------------------------------------------------------------------------------------------------------------------------------------------------------**
<TRAINING-TEST PAIR 1>
<TRAINING SET TIME RANGE> 2012-01-01 - 2012-08-29
<TEST SET TIME RANGE> 2012-10-29 - 2013-02-26


##----------------------------------------------------------------------------------------------------------------------------------------------------------------##
<BATCH 2; Pipeline Setup>
Config: 5-Fold Cross-Validation;
Do NOT Ask User for Model and Metrics;
Level of Verbosity: 0; 
Do NOT Include Plots for Evaluations
	Finished reading processed data.
	5-fold cross-validation generator set up with random seed '123'.
##----------------------------------------------------------------------------------------------------------------------------------------------------------------##


##----------------------------------------------------------------------------------------------------------------------------------------------------------------##
<BATCH 2; Model Configured. Extra Tree.>


#----------------------------------------------------------------------------------------------------------------------------------#
<BATCH 2; Metrics Configured. Accuracy.>


<BATCH 2> Start to set benchmark for the metrics Accuracy.
	 Accuracy of the benchmark default Decision Tree model is 0.612.


<BATCH 2 - Extra Tree to be optimized on Accuracy> Search Starts (272 hyperparameter sets):
<BATCH 2 - Extra Tree to be optimized on Accuracy> Search Finished. The highest cross-validation accuracy is 0.7207. There are 1 best sets.

#----------------------------------------------------------------------------------------------------------------------------------#



#----------------------------------------------------------------------------------------------------------------------------------#
<BATCH 2; Metrics Configured. Precision.>


<BATCH 2> Start to set benchmark for the metrics Precision.
	 Precision of the benchmark default Decision Tree model is 0.337.


<BATCH 2 - Extra Tree to be optimized on Precision> Search Starts (272 hyperparameter sets):
<BATCH 2 - Extra Tree to be optimized on Precision> Search Finished. The highest cross-validation precision is 1.0000. There are 5 best sets.

#----------------------------------------------------------------------------------------------------------------------------------#



#----------------------------------------------------------------------------------------------------------------------------------#
<BATCH 2; Metrics Configured. Recall.>


<BATCH 2> Start to set benchmark for the metrics Recall.
	 Recall of the benchmark default Decision Tree model is 0.375.


<BATCH 2 - Extra Tree to be optimized on Recall> Search Starts (272 hyperparameter sets):
<BATCH 2 - Extra Tree to be optimized on Recall> Search Finished. The highest cross-validation recall is 1.0000. There are 68 best sets.

#----------------------------------------------------------------------------------------------------------------------------------#



#----------------------------------------------------------------------------------------------------------------------------------#
<BATCH 2; Metrics Configured. F1.>


<BATCH 2> Start to set benchmark for the metrics F1.
	 F1 of the benchmark default Decision Tree model is 0.355.


<BATCH 2 - Extra Tree to be optimized on F1> Search Starts (272 hyperparameter sets):
<BATCH 2 - Extra Tree to be optimized on F1> Search Finished. The highest cross-validation f1 is 0.5386. There are 1 best sets.

#----------------------------------------------------------------------------------------------------------------------------------#



#----------------------------------------------------------------------------------------------------------------------------------#
<BATCH 2; Metrics Configured. Roc_Auc.>


<BATCH 2> Start to set benchmark for the metrics Roc_Auc.
	 Roc_Auc of the benchmark default Decision Tree model is 0.541.


<BATCH 2 - Extra Tree to be optimized on Roc_Auc> Search Starts (272 hyperparameter sets):
<BATCH 2 - Extra Tree to be optimized on Roc_Auc> Search Finished. The highest cross-validation roc_auc is 0.6558. There are 1 best sets.

#----------------------------------------------------------------------------------------------------------------------------------#



#----------------------------------------------------------------------------------------------------------------------------------#
<BATCH 2; Metrics Configured. Precision At 1%.>


<BATCH 2> Start to set benchmark for the metrics Precision At 1%.
	 Precision At 1% of the benchmark default Decision Tree model is 0.338.


<BATCH 2 - Extra Tree to be optimized on Precision At 1%> Search Starts (272 hyperparameter sets):
<BATCH 2 - Extra Tree to be optimized on Precision At 1%> Search Finished. The highest cross-validation Precision at 1% is 0.8079. There are 2 best sets.

#----------------------------------------------------------------------------------------------------------------------------------#



#----------------------------------------------------------------------------------------------------------------------------------#
<BATCH 2; Metrics Configured. Precision At 2%.>


<BATCH 2> Start to set benchmark for the metrics Precision At 2%.
	 Precision At 2% of the benchmark default Decision Tree model is 0.338.


<BATCH 2 - Extra Tree to be optimized on Precision At 2%> Search Starts (272 hyperparameter sets):
<BATCH 2 - Extra Tree to be optimized on Precision At 2%> Search Finished. The highest cross-validation Precision at 2% is 0.7930. There are 1 best sets.

#----------------------------------------------------------------------------------------------------------------------------------#



#----------------------------------------------------------------------------------------------------------------------------------#
<BATCH 2; Metrics Configured. Precision At 5%.>


<BATCH 2> Start to set benchmark for the metrics Precision At 5%.
	 Precision At 5% of the benchmark default Decision Tree model is 0.338.


<BATCH 2 - Extra Tree to be optimized on Precision At 5%> Search Starts (272 hyperparameter sets):
<BATCH 2 - Extra Tree to be optimized on Precision At 5%> Search Finished. The highest cross-validation Precision at 5% is 0.7038. There are 1 best sets.

#----------------------------------------------------------------------------------------------------------------------------------#



#----------------------------------------------------------------------------------------------------------------------------------#
<BATCH 2; Metrics Configured. Precision At 10%.>


<BATCH 2> Start to set benchmark for the metrics Precision At 10%.
	 Precision At 10% of the benchmark default Decision Tree model is 0.338.


<BATCH 2 - Extra Tree to be optimized on Precision At 10%> Search Starts (272 hyperparameter sets):
<BATCH 2 - Extra Tree to be optimized on Precision At 10%> Search Finished. The highest cross-validation Precision at 10% is 0.6210. There are 1 best sets.

#----------------------------------------------------------------------------------------------------------------------------------#



#----------------------------------------------------------------------------------------------------------------------------------#
<BATCH 2; Metrics Configured. Precision At 20%.>


<BATCH 2> Start to set benchmark for the metrics Precision At 20%.
	 Precision At 20% of the benchmark default Decision Tree model is 0.338.


<BATCH 2 - Extra Tree to be optimized on Precision At 20%> Search Starts (272 hyperparameter sets):
<BATCH 2 - Extra Tree to be optimized on Precision At 20%> Search Finished. The highest cross-validation Precision at 20% is 0.5536. There are 1 best sets.

#----------------------------------------------------------------------------------------------------------------------------------#



#----------------------------------------------------------------------------------------------------------------------------------#
<BATCH 2; Metrics Configured. Precision At 30%.>


<BATCH 2> Start to set benchmark for the metrics Precision At 30%.
	 Precision At 30% of the benchmark default Decision Tree model is 0.338.


<BATCH 2 - Extra Tree to be optimized on Precision At 30%> Search Starts (272 hyperparameter sets):
<BATCH 2 - Extra Tree to be optimized on Precision At 30%> Search Finished. The highest cross-validation Precision at 30% is 0.4495. There are 1 best sets.

#----------------------------------------------------------------------------------------------------------------------------------#



#----------------------------------------------------------------------------------------------------------------------------------#
<BATCH 2; Metrics Configured. Precision At 50%.>


<BATCH 2> Start to set benchmark for the metrics Precision At 50%.
	 Precision At 50% of the benchmark default Decision Tree model is 0.285.


<BATCH 2 - Extra Tree to be optimized on Precision At 50%> Search Starts (272 hyperparameter sets):
<BATCH 2 - Extra Tree to be optimized on Precision At 50%> Search Finished. The highest cross-validation Precision at 50% is 0.4221. There are 2 best sets.

#----------------------------------------------------------------------------------------------------------------------------------#

**--------------------------------------------------------------------------------------------------------------------------------------------------------------------------------------------------------**
**--------------------------------------------------------------------------------------------------------------------------------------------------------------------------------------------------------**
<TRAINING-TEST PAIR 3>
<TRAINING SET TIME RANGE> 2012-01-01 - 2013-04-28
<TEST SET TIME RANGE> 2013-06-28 - 2013-10-26


##----------------------------------------------------------------------------------------------------------------------------------------------------------------##
<BATCH 3; Pipeline Setup>
Config: 5-Fold Cross-Validation;
Do NOT Ask User for Model and Metrics;
Level of Verbosity: 0; 
Do NOT Include Plots for Evaluations
	Finished reading processed data.
	5-fold cross-validation generator set up with random seed '123'.
##----------------------------------------------------------------------------------------------------------------------------------------------------------------##


##----------------------------------------------------------------------------------------------------------------------------------------------------------------##
<BATCH 3; Model Configured. Extra Tree.>


#----------------------------------------------------------------------------------------------------------------------------------#
<BATCH 3; Metrics Configured. Accuracy.>


<BATCH 3> Start to set benchmark for the metrics Accuracy.
	 Accuracy of the benchmark default Decision Tree model is 0.624.


<BATCH 3 - Extra Tree to be optimized on Accuracy> Search Starts (288 hyperparameter sets):
slurmstepd-midway417: error: *** JOB 60651623 ON midway417 CANCELLED AT 2019-06-07T03:09:12 DUE TO TIME LIMIT ***
