**--------------------------------------------------------------------------------------------------------------------------------------------------------------------------------------------------------**
<TRAINING-TEST PAIR 0>
<TRAINING SET TIME RANGE> 2012-01-01 - 2012-04-30
<TEST SET TIME RANGE> 2012-06-30 - 2012-10-28


##----------------------------------------------------------------------------------------------------------------------------------------------------------------##
<BATCH 0; Pipeline Setup>
Config: 5-Fold Cross-Validation;
Do NOT Ask User for Model and Metrics;
Level of Verbosity: 0; 
Do  Include Plots for Evaluations
	Finished reading processed data.
	5-fold cross-validation generator set up with random seed '123'.
##----------------------------------------------------------------------------------------------------------------------------------------------------------------##


##----------------------------------------------------------------------------------------------------------------------------------------------------------------##
<BATCH 0; Model Configured. Logistic Regression.>


#----------------------------------------------------------------------------------------------------------------------------------#
<BATCH 0; Metrics Configured. Accuracy.>


<BATCH 0> Start to set benchmark for the metrics Accuracy.
	 Accuracy of the benchmark default Decision Tree model is 0.629.


<BATCH 0 - Logistic Regression to be optimized on Accuracy> Search Starts (56 hyperparameter sets):
<BATCH 0 - Logistic Regression to be optimized on Accuracy> Search Finished. The highest cross-validation accuracy is 0.7099. There are 1 best sets.

#----------------------------------------------------------------------------------------------------------------------------------#



#----------------------------------------------------------------------------------------------------------------------------------#
<BATCH 0; Metrics Configured. Precision.>


<BATCH 0> Start to set benchmark for the metrics Precision.
	 Precision of the benchmark default Decision Tree model is 0.302.


<BATCH 0 - Logistic Regression to be optimized on Precision> Search Starts (56 hyperparameter sets):
<BATCH 0 - Logistic Regression to be optimized on Precision> Search Finished. The highest cross-validation precision is 1.0000. There are 30 best sets.

#----------------------------------------------------------------------------------------------------------------------------------#



#----------------------------------------------------------------------------------------------------------------------------------#
<BATCH 0; Metrics Configured. Recall.>


<BATCH 0> Start to set benchmark for the metrics Recall.
	 Recall of the benchmark default Decision Tree model is 0.376.


<BATCH 0 - Logistic Regression to be optimized on Recall> Search Starts (56 hyperparameter sets):
<BATCH 0 - Logistic Regression to be optimized on Recall> Search Finished. The highest cross-validation recall is 1.0000. There are 1 best sets.

#----------------------------------------------------------------------------------------------------------------------------------#



#----------------------------------------------------------------------------------------------------------------------------------#
<BATCH 0; Metrics Configured. F1.>


<BATCH 0> Start to set benchmark for the metrics F1.
	 F1 of the benchmark default Decision Tree model is 0.335.


<BATCH 0 - Logistic Regression to be optimized on F1> Search Starts (56 hyperparameter sets):
<BATCH 0 - Logistic Regression to be optimized on F1> Search Finished. The highest cross-validation f1 is 0.5355. There are 1 best sets.

#----------------------------------------------------------------------------------------------------------------------------------#



#----------------------------------------------------------------------------------------------------------------------------------#
<BATCH 0; Metrics Configured. Roc_Auc.>


<BATCH 0> Start to set benchmark for the metrics Roc_Auc.
	 Roc_Auc of the benchmark default Decision Tree model is 0.544.


<BATCH 0 - Logistic Regression to be optimized on Roc_Auc> Search Starts (56 hyperparameter sets):
<BATCH 0 - Logistic Regression to be optimized on Roc_Auc> Search Finished. The highest cross-validation roc_auc is 0.6381. There are 1 best sets.

#----------------------------------------------------------------------------------------------------------------------------------#



#----------------------------------------------------------------------------------------------------------------------------------#
<BATCH 0; Metrics Configured. Precision At 1%.>


<BATCH 0> Start to set benchmark for the metrics Precision At 1%.
	 Precision At 1% of the benchmark default Decision Tree model is 0.303.


<BATCH 0 - Logistic Regression to be optimized on Precision At 1%> Search Starts (56 hyperparameter sets):
<BATCH 0 - Logistic Regression to be optimized on Precision At 1%> Search Finished. The highest cross-validation Precision at 1% is 0.7906. There are 19 best sets.

#----------------------------------------------------------------------------------------------------------------------------------#



#----------------------------------------------------------------------------------------------------------------------------------#
<BATCH 0; Metrics Configured. Precision At 2%.>


<BATCH 0> Start to set benchmark for the metrics Precision At 2%.
	 Precision At 2% of the benchmark default Decision Tree model is 0.303.


<BATCH 0 - Logistic Regression to be optimized on Precision At 2%> Search Starts (56 hyperparameter sets):
<BATCH 0 - Logistic Regression to be optimized on Precision At 2%> Search Finished. The highest cross-validation Precision at 2% is 0.7467. There are 3 best sets.

#----------------------------------------------------------------------------------------------------------------------------------#



#----------------------------------------------------------------------------------------------------------------------------------#
<BATCH 0; Metrics Configured. Precision At 5%.>


<BATCH 0> Start to set benchmark for the metrics Precision At 5%.
	 Precision At 5% of the benchmark default Decision Tree model is 0.303.


<BATCH 0 - Logistic Regression to be optimized on Precision At 5%> Search Starts (56 hyperparameter sets):
<BATCH 0 - Logistic Regression to be optimized on Precision At 5%> Search Finished. The highest cross-validation Precision at 5% is 0.6954. There are 1 best sets.

#----------------------------------------------------------------------------------------------------------------------------------#



#----------------------------------------------------------------------------------------------------------------------------------#
<BATCH 0; Metrics Configured. Precision At 10%.>


<BATCH 0> Start to set benchmark for the metrics Precision At 10%.
	 Precision At 10% of the benchmark default Decision Tree model is 0.303.


<BATCH 0 - Logistic Regression to be optimized on Precision At 10%> Search Starts (56 hyperparameter sets):
<BATCH 0 - Logistic Regression to be optimized on Precision At 10%> Search Finished. The highest cross-validation Precision at 10% is 0.6116. There are 1 best sets.

#----------------------------------------------------------------------------------------------------------------------------------#



#----------------------------------------------------------------------------------------------------------------------------------#
<BATCH 0; Metrics Configured. Precision At 20%.>


<BATCH 0> Start to set benchmark for the metrics Precision At 20%.
	 Precision At 20% of the benchmark default Decision Tree model is 0.303.


<BATCH 0 - Logistic Regression to be optimized on Precision At 20%> Search Starts (56 hyperparameter sets):
<BATCH 0 - Logistic Regression to be optimized on Precision At 20%> Search Finished. The highest cross-validation Precision at 20% is 0.5267. There are 1 best sets.

#----------------------------------------------------------------------------------------------------------------------------------#



#----------------------------------------------------------------------------------------------------------------------------------#
<BATCH 0; Metrics Configured. Precision At 30%.>


<BATCH 0> Start to set benchmark for the metrics Precision At 30%.
	 Precision At 30% of the benchmark default Decision Tree model is 0.303.


<BATCH 0 - Logistic Regression to be optimized on Precision At 30%> Search Starts (56 hyperparameter sets):
<BATCH 0 - Logistic Regression to be optimized on Precision At 30%> Search Finished. The highest cross-validation Precision at 30% is 0.4779. There are 1 best sets.

#----------------------------------------------------------------------------------------------------------------------------------#



#----------------------------------------------------------------------------------------------------------------------------------#
<BATCH 0; Metrics Configured. Precision At 50%.>


<BATCH 0> Start to set benchmark for the metrics Precision At 50%.
	 Precision At 50% of the benchmark default Decision Tree model is 0.249.


<BATCH 0 - Logistic Regression to be optimized on Precision At 50%> Search Starts (56 hyperparameter sets):
<BATCH 0 - Logistic Regression to be optimized on Precision At 50%> Search Finished. The highest cross-validation Precision at 50% is 0.4329. There are 1 best sets.

#----------------------------------------------------------------------------------------------------------------------------------#

##----------------------------------------------------------------------------------------------------------------------------------------------------------------##


##----------------------------------------------------------------------------------------------------------------------------------------------------------------##
<BATCH 0; Model Configured. Decision Tree.>


#----------------------------------------------------------------------------------------------------------------------------------#
<BATCH 0; Metrics Configured. Accuracy.>


<BATCH 0> Start to set benchmark for the metrics Accuracy.
	 Accuracy of the benchmark default Decision Tree model is 0.629.


<BATCH 0 - Decision Tree to be optimized on Accuracy> Search Starts (40 hyperparameter sets):
<BATCH 0 - Decision Tree to be optimized on Accuracy> Search Finished. The highest cross-validation accuracy is 0.7156. There are 6 best sets.

#----------------------------------------------------------------------------------------------------------------------------------#



#----------------------------------------------------------------------------------------------------------------------------------#
<BATCH 0; Metrics Configured. Precision.>


<BATCH 0> Start to set benchmark for the metrics Precision.
	 Precision of the benchmark default Decision Tree model is 0.302.


<BATCH 0 - Decision Tree to be optimized on Precision> Search Starts (40 hyperparameter sets):
<BATCH 0 - Decision Tree to be optimized on Precision> Search Finished. The highest cross-validation precision is 0.7720. There are 3 best sets.

#----------------------------------------------------------------------------------------------------------------------------------#



#----------------------------------------------------------------------------------------------------------------------------------#
<BATCH 0; Metrics Configured. Recall.>


<BATCH 0> Start to set benchmark for the metrics Recall.
	 Recall of the benchmark default Decision Tree model is 0.376.


<BATCH 0 - Decision Tree to be optimized on Recall> Search Starts (40 hyperparameter sets):
<BATCH 0 - Decision Tree to be optimized on Recall> Search Finished. The highest cross-validation recall is 0.9894. There are 1 best sets.

#----------------------------------------------------------------------------------------------------------------------------------#

/tmp/slurmd/job60597659/slurm_script: line 12: 26208 Killed                  python other.py --start_clean 1 --verbose 0 --ask 0 --plot 1
slurmstepd-midway455: error: Detected 2 oom-kill event(s) in step 60597659.batch cgroup. Some of your processes may have been killed by the cgroup out-of-memory handler.
